[1678923183.472][INFO]: Starting ChromeDriver 107.0.5304.62 (1eec40d3a5764881c92085aaee66d25075c159aa-refs/branch-heads/5304@{#942}) on port 50394
[1678923183.472][INFO]: Please see https://chromedriver.chromium.org/security-considerations for suggestions on keeping ChromeDriver safe.
[1678923183.949][INFO]: [237d5e8d89aa9c0e366e98011b84ea02] COMMAND InitSession {
   "capabilities": {
      "alwaysMatch": {
         "browserName": "chrome",
         "goog:chromeOptions": {
            "args": [ "--log-level=3" ],
            "extensions": [  ]
         },
         "pageLoadStrategy": "normal"
      },
      "firstMatch": [ {
      } ]
   }
}
[1678923183.955][INFO]: Populating Preferences file: {
   "alternate_error_pages": {
      "enabled": false
   },
   "autofill": {
      "enabled": false
   },
   "browser": {
      "check_default_browser": false
   },
   "distribution": {
      "import_bookmarks": false,
      "import_history": false,
      "import_search_engine": false,
      "make_chrome_default_for_user": false,
      "skip_first_run_ui": true
   },
   "dns_prefetching": {
      "enabled": false
   },
   "profile": {
      "content_settings": {
         "pattern_pairs": {
            "https://*,*": {
               "media-stream": {
                  "audio": "Default",
                  "video": "Default"
               }
            }
         }
      },
      "default_content_setting_values": {
         "geolocation": 1
      },
      "default_content_settings": {
         "geolocation": 1,
         "mouselock": 1,
         "notifications": 1,
         "popups": 1,
         "ppapi-broker": 1
      },
      "password_manager_enabled": false
   },
   "safebrowsing": {
      "enabled": false
   },
   "search": {
      "suggest_enabled": false
   },
   "translate": {
      "enabled": false
   }
}
[1678923183.956][INFO]: Populating Local State file: {
   "background_mode": {
      "enabled": false
   },
   "ssl": {
      "rev_checking": {
         "enabled": false
      }
   }
}
[1678923183.958][INFO]: Launching chrome: "C:\Program Files\Google\Chrome\Application\chrome.exe" --allow-pre-commit-input --disable-background-networking --disable-backgrounding-occluded-windows --disable-client-side-phishing-detection --disable-default-apps --disable-hang-monitor --disable-popup-blocking --disable-prompt-on-repost --disable-sync --enable-automation --enable-blink-features=ShadowDOMV0 --enable-logging --log-level=3 --no-first-run --no-service-autorun --password-store=basic --remote-debugging-port=0 --test-type=webdriver --use-mock-keychain --user-data-dir="C:\Users\Vinícius\AppData\Local\Temp\scoped_dir16372_1918025008" data:,
[1678923184.247][DEBUG]: DevTools HTTP Request: http://localhost:50397/json/version
[1678923184.562][DEBUG]: DevTools HTTP Response: {
   "Browser": "Chrome/111.0.5563.65",
   "Protocol-Version": "1.3",
   "User-Agent": "Mozilla/5.0 (Windows NT 10.0; Win64; x64) AppleWebKit/537.36 (KHTML, like Gecko) Chrome/111.0.0.0 Safari/537.36",
   "V8-Version": "11.1.277.13",
   "WebKit-Version": "537.36 (@c710e93d5b63b7095afe8c2c17df34408078439d)",
   "webSocketDebuggerUrl": "ws://localhost:50397/devtools/browser/da5ab5a2-c07d-45fa-ba4c-d4f1b089855c"
}

[1678923184.564][INFO]: Failed to connect to Chrome. Attempting to kill it.
[1678923184.705][INFO]: [237d5e8d89aa9c0e366e98011b84ea02] RESPONSE InitSession ERROR session not created: This version of ChromeDriver only supports Chrome version 107
Current browser version is 111.0.5563.65 with binary path C:\Program Files\Google\Chrome\Application\chrome.exe
[1678923184.706][DEBUG]: Log type 'driver' lost 0 entries on destruction
[1678923184.706][DEBUG]: Log type 'browser' lost 0 entries on destruction
